<?xml version="1.0" encoding="UTF-8"?>
<!-- Generated by org.testng.reporters.JUnitXMLReporter -->
<testsuite ignored="0" hostname="Sayyed-Zubair-Ali-369" failures="0" tests="3" name="Validate Login Test" time="1.775" errors="0" timestamp="2023-02-10T12:05:47 IST">
  <testcase classname="testcases.ValidateLogin" name="clickOnLogin" time="0.654"/>
  <testcase classname="testcases.ValidateLogin" name="doLogin" time="1.061"/>
  <testcase classname="testcases.ValidateLogin" name="validateUsername" time="0.033"/>
</testsuite> <!-- Validate Login Test -->
